SF:examples/java-native/src/main/java/com/example/myproject/Greeter.java
FN:25,com/example/myproject/Greeter::<clinit> ()V
FN:24,com/example/myproject/Greeter::<init> ()V
FN:28,com/example/myproject/Greeter::convertStreamToString (Ljava/io/InputStream;)Ljava/lang/String;
FN:35,com/example/myproject/Greeter::hello (Ljava/lang/String;)V
FN:44,com/example/myproject/Greeter::main ([Ljava/lang/String;)V
FNDA:1,com/example/myproject/Greeter::<clinit> ()V
FNDA:1,com/example/myproject/Greeter::<init> ()V
FNDA:0,com/example/myproject/Greeter::convertStreamToString (Ljava/io/InputStream;)Ljava/lang/String;
FNDA:1,com/example/myproject/Greeter::hello (Ljava/lang/String;)V
FNDA:1,com/example/myproject/Greeter::main ([Ljava/lang/String;)V
FNF:5
FNH:4
BRDA:30,0,0,-
BRDA:30,0,1,-
BRDA:37,0,0,1
BRDA:37,0,1,0
BRDA:45,0,0,1
BRDA:45,0,1,1
BRF:6
BRH:3
DA:24,1
DA:25,1
DA:28,0
DA:29,0
DA:30,0
DA:35,1
DA:36,1
DA:37,1
DA:38,0
DA:40,1
DA:41,1
DA:44,1
DA:45,1
DA:46,1
DA:47,1
LH:11
LF:15
end_of_record